android/app/build/intermediates/manifest_merge_blame_file/debug/manifest-merger-blame-debug-report.txt
1<?xml version="1.0" encoding="utf-8"?>
2<manifest xmlns:android="http://schemas.android.com/apk/res/android"
3    package="com.reactnativedemo"
4    android:versionCode="1"
5    android:versionName="1.0" >
6
7    <uses-sdk
8        android:minSdkVersion="21"
9        android:targetSdkVersion="33" />
10
11    <uses-permission android:name="android.permission.SYSTEM_ALERT_WINDOW" />
11-->src/debug/AndroidManifest.xml:5:5-77
11-->src/debug/AndroidManifest.xml:5:22-75
12    <uses-permission android:name="android.permission.INTERNET" />
12-->src/main/AndroidManifest.xml:3:5-67
12-->src/main/AndroidManifest.xml:3:22-64
13    <uses-permission android:name="android.permission.CAMERA" />
13-->src/main/AndroidManifest.xml:4:5-65
13-->src/main/AndroidManifest.xml:4:22-62
14    <uses-permission android:name="android.permission.READ_EXTERNAL_STORAGE" />
14-->src/main/AndroidManifest.xml:6:5-80
14-->src/main/AndroidManifest.xml:6:22-77
15    <uses-permission android:name="android.permission.WRITE_EXTERNAL_STORAGE" />
15-->src/main/AndroidManifest.xml:7:5-81
15-->src/main/AndroidManifest.xml:7:22-78
16    <uses-permission android:name="android.permission.RECORD_AUDIO" />
16-->src/main/AndroidManifest.xml:9:5-70
16-->src/main/AndroidManifest.xml:9:22-68
17    <uses-permission android:name="android.permission.ACCESS_WIFI_STATE" />
17-->[com.facebook.flipper:flipper:0.125.0] AndroidManifest.xml:16:5-76
17-->[com.facebook.flipper:flipper:0.125.0] AndroidManifest.xml:16:22-73
18
19    <uses-feature
19-->[:react-native-camera] AndroidManifest.xml:11:5-13:36
20        android:name="android.hardware.camera"
20-->[:react-native-camera] AndroidManifest.xml:12:9-47
21        android:required="false" />
21-->[:react-native-camera] AndroidManifest.xml:13:9-33
22    <uses-feature
22-->[:react-native-camera] AndroidManifest.xml:14:5-16:36
23        android:name="android.hardware.camera.autofocus"
23-->[:react-native-camera] AndroidManifest.xml:15:9-57
24        android:required="false" /> <!-- Although the *SdkVersion is captured in gradle build files, this is required for non gradle builds -->
24-->[:react-native-camera] AndroidManifest.xml:16:9-33
25    <!-- <uses-sdk android:minSdkVersion="14"/> -->
26    <uses-permission android:name="android.permission.ACCESS_NETWORK_STATE" />
26-->[com.google.android.datatransport:transport-backend-cct:2.3.3] AndroidManifest.xml:25:5-79
26-->[com.google.android.datatransport:transport-backend-cct:2.3.3] AndroidManifest.xml:25:22-76
27
28    <application
28-->src/main/AndroidManifest.xml:10:5-29:19
29        android:name="com.reactnativedemo.MainApplication"
29-->src/main/AndroidManifest.xml:11:7-38
30        android:allowBackup="false"
30-->src/main/AndroidManifest.xml:15:7-34
31        android:appComponentFactory="androidx.core.app.CoreComponentFactory"
31-->[androidx.core:core:1.7.0] AndroidManifest.xml:24:18-86
32        android:debuggable="true"
33        android:icon="@mipmap/ic_launcher"
33-->src/main/AndroidManifest.xml:13:7-41
34        android:label="@string/app_name"
34-->src/main/AndroidManifest.xml:12:7-39
35        android:roundIcon="@mipmap/ic_launcher_round"
35-->src/main/AndroidManifest.xml:14:7-52
36        android:theme="@style/AppTheme"
36-->src/main/AndroidManifest.xml:16:7-38
37        android:usesCleartextTraffic="true" >
37-->src/debug/AndroidManifest.xml:8:9-44
38        <activity
38-->src/debug/AndroidManifest.xml:11:9-111
39            android:name="com.facebook.react.devsupport.DevSettingsActivity"
39-->src/debug/AndroidManifest.xml:11:19-83
40            android:exported="false" />
40-->src/debug/AndroidManifest.xml:11:84-108
41        <activity
41-->src/main/AndroidManifest.xml:17:7-28:18
42            android:name="com.reactnativedemo.MainActivity"
42-->src/main/AndroidManifest.xml:18:9-37
43            android:configChanges="keyboard|keyboardHidden|orientation|screenLayout|screenSize|smallestScreenSize|uiMode"
43-->src/main/AndroidManifest.xml:20:9-118
44            android:exported="true"
44-->src/main/AndroidManifest.xml:23:9-32
45            android:label="@string/app_name"
45-->src/main/AndroidManifest.xml:19:9-41
46            android:launchMode="singleTask"
46-->src/main/AndroidManifest.xml:21:9-40
47            android:windowSoftInputMode="adjustResize" >
47-->src/main/AndroidManifest.xml:22:9-51
48            <intent-filter>
48-->src/main/AndroidManifest.xml:24:9-27:25
49                <action android:name="android.intent.action.MAIN" />
49-->src/main/AndroidManifest.xml:25:13-65
49-->src/main/AndroidManifest.xml:25:21-62
50
51                <category android:name="android.intent.category.LAUNCHER" />
51-->src/main/AndroidManifest.xml:26:13-73
51-->src/main/AndroidManifest.xml:26:23-70
52            </intent-filter>
53        </activity>
54
55        <provider
55-->[:react-native-image-picker] AndroidManifest.xml:10:9-18:20
56            android:name="com.imagepicker.ImagePickerProvider"
56-->[:react-native-image-picker] AndroidManifest.xml:11:13-63
57            android:authorities="com.reactnativedemo.imagepickerprovider"
57-->[:react-native-image-picker] AndroidManifest.xml:12:13-71
58            android:exported="false"
58-->[:react-native-image-picker] AndroidManifest.xml:13:13-37
59            android:grantUriPermissions="true" >
59-->[:react-native-image-picker] AndroidManifest.xml:14:13-47
60            <meta-data
60-->[:react-native-image-picker] AndroidManifest.xml:15:13-17:70
61                android:name="android.support.FILE_PROVIDER_PATHS"
61-->[:react-native-image-picker] AndroidManifest.xml:16:17-67
62                android:resource="@xml/imagepicker_provider_paths" />
62-->[:react-native-image-picker] AndroidManifest.xml:17:17-67
63        </provider>
64
65        <service
65-->[com.google.android.gms:play-services-mlkit-barcode-scanning:16.2.0] AndroidManifest.xml:9:9-15:19
66            android:name="com.google.mlkit.common.internal.MlKitComponentDiscoveryService"
66-->[com.google.android.gms:play-services-mlkit-barcode-scanning:16.2.0] AndroidManifest.xml:10:13-91
67            android:directBootAware="true"
67-->[com.google.mlkit:common:17.2.0] AndroidManifest.xml:17:13-43
68            android:exported="false" >
68-->[com.google.android.gms:play-services-mlkit-barcode-scanning:16.2.0] AndroidManifest.xml:11:13-37
69            <meta-data
69-->[com.google.android.gms:play-services-mlkit-barcode-scanning:16.2.0] AndroidManifest.xml:12:13-14:85
70                android:name="com.google.firebase.components:com.google.mlkit.vision.barcode.internal.BarcodeRegistrar"
70-->[com.google.android.gms:play-services-mlkit-barcode-scanning:16.2.0] AndroidManifest.xml:13:17-120
71                android:value="com.google.firebase.components.ComponentRegistrar" />
71-->[com.google.android.gms:play-services-mlkit-barcode-scanning:16.2.0] AndroidManifest.xml:14:17-82
72            <meta-data
72-->[com.google.android.gms:play-services-mlkit-face-detection:16.2.0] AndroidManifest.xml:12:13-14:85
73                android:name="com.google.firebase.components:com.google.mlkit.vision.face.internal.FaceRegistrar"
73-->[com.google.android.gms:play-services-mlkit-face-detection:16.2.0] AndroidManifest.xml:13:17-114
74                android:value="com.google.firebase.components.ComponentRegistrar" />
74-->[com.google.android.gms:play-services-mlkit-face-detection:16.2.0] AndroidManifest.xml:14:17-82
75            <meta-data
75-->[com.google.android.gms:play-services-mlkit-text-recognition:16.3.0] AndroidManifest.xml:12:13-14:85
76                android:name="com.google.firebase.components:com.google.mlkit.vision.text.internal.TextRegistrar"
76-->[com.google.android.gms:play-services-mlkit-text-recognition:16.3.0] AndroidManifest.xml:13:17-114
77                android:value="com.google.firebase.components.ComponentRegistrar" />
77-->[com.google.android.gms:play-services-mlkit-text-recognition:16.3.0] AndroidManifest.xml:14:17-82
78            <meta-data
78-->[com.google.mlkit:vision-common:16.5.0] AndroidManifest.xml:12:13-14:85
79                android:name="com.google.firebase.components:com.google.mlkit.vision.common.internal.VisionCommonRegistrar"
79-->[com.google.mlkit:vision-common:16.5.0] AndroidManifest.xml:13:17-124
80                android:value="com.google.firebase.components.ComponentRegistrar" />
80-->[com.google.mlkit:vision-common:16.5.0] AndroidManifest.xml:14:17-82
81            <meta-data
81-->[com.google.mlkit:common:17.2.0] AndroidManifest.xml:20:13-22:85
82                android:name="com.google.firebase.components:com.google.mlkit.common.internal.CommonComponentRegistrar"
82-->[com.google.mlkit:common:17.2.0] AndroidManifest.xml:21:17-120
83                android:value="com.google.firebase.components.ComponentRegistrar" />
83-->[com.google.mlkit:common:17.2.0] AndroidManifest.xml:22:17-82
84        </service>
85
86        <provider
86-->[com.google.mlkit:common:17.2.0] AndroidManifest.xml:9:9-13:38
87            android:name="com.google.mlkit.common.internal.MlKitInitProvider"
87-->[com.google.mlkit:common:17.2.0] AndroidManifest.xml:10:13-78
88            android:authorities="com.reactnativedemo.mlkitinitprovider"
88-->[com.google.mlkit:common:17.2.0] AndroidManifest.xml:11:13-69
89            android:exported="false"
89-->[com.google.mlkit:common:17.2.0] AndroidManifest.xml:12:13-37
90            android:initOrder="99" />
90-->[com.google.mlkit:common:17.2.0] AndroidManifest.xml:13:13-35
91
92        <activity
92-->[com.google.android.gms:play-services-base:17.6.0] AndroidManifest.xml:23:9-26:75
93            android:name="com.google.android.gms.common.api.GoogleApiActivity"
93-->[com.google.android.gms:play-services-base:17.6.0] AndroidManifest.xml:24:13-79
94            android:exported="false"
94-->[com.google.android.gms:play-services-base:17.6.0] AndroidManifest.xml:25:13-37
95            android:theme="@android:style/Theme.Translucent.NoTitleBar" />
95-->[com.google.android.gms:play-services-base:17.6.0] AndroidManifest.xml:26:13-72
96
97        <meta-data
97-->[com.google.android.gms:play-services-basement:17.6.0] AndroidManifest.xml:23:9-25:69
98            android:name="com.google.android.gms.version"
98-->[com.google.android.gms:play-services-basement:17.6.0] AndroidManifest.xml:24:13-58
99            android:value="@integer/google_play_services_version" />
99-->[com.google.android.gms:play-services-basement:17.6.0] AndroidManifest.xml:25:13-66
100
101        <provider
101-->[androidx.emoji2:emoji2:1.0.0] AndroidManifest.xml:26:9-34:20
102            android:name="androidx.startup.InitializationProvider"
102-->[androidx.emoji2:emoji2:1.0.0] AndroidManifest.xml:27:13-67
103            android:authorities="com.reactnativedemo.androidx-startup"
103-->[androidx.emoji2:emoji2:1.0.0] AndroidManifest.xml:28:13-68
104            android:exported="false" >
104-->[androidx.emoji2:emoji2:1.0.0] AndroidManifest.xml:29:13-37
105            <meta-data
105-->[androidx.emoji2:emoji2:1.0.0] AndroidManifest.xml:31:13-33:52
106                android:name="androidx.emoji2.text.EmojiCompatInitializer"
106-->[androidx.emoji2:emoji2:1.0.0] AndroidManifest.xml:32:17-75
107                android:value="androidx.startup" />
107-->[androidx.emoji2:emoji2:1.0.0] AndroidManifest.xml:33:17-49
108            <meta-data
108-->[androidx.lifecycle:lifecycle-process:2.4.0] AndroidManifest.xml:31:13-33:52
109                android:name="androidx.lifecycle.ProcessLifecycleInitializer"
109-->[androidx.lifecycle:lifecycle-process:2.4.0] AndroidManifest.xml:32:17-78
110                android:value="androidx.startup" />
110-->[androidx.lifecycle:lifecycle-process:2.4.0] AndroidManifest.xml:33:17-49
111        </provider>
112
113        <service
113-->[com.google.android.datatransport:transport-backend-cct:2.3.3] AndroidManifest.xml:29:9-35:19
114            android:name="com.google.android.datatransport.runtime.backends.TransportBackendDiscovery"
114-->[com.google.android.datatransport:transport-backend-cct:2.3.3] AndroidManifest.xml:30:13-103
115            android:exported="false" >
115-->[com.google.android.datatransport:transport-backend-cct:2.3.3] AndroidManifest.xml:31:13-37
116            <meta-data
116-->[com.google.android.datatransport:transport-backend-cct:2.3.3] AndroidManifest.xml:32:13-34:39
117                android:name="backend:com.google.android.datatransport.cct.CctBackendFactory"
117-->[com.google.android.datatransport:transport-backend-cct:2.3.3] AndroidManifest.xml:33:17-94
118                android:value="cct" />
118-->[com.google.android.datatransport:transport-backend-cct:2.3.3] AndroidManifest.xml:34:17-36
119        </service>
120        <service
120-->[com.google.android.datatransport:transport-runtime:2.2.6] AndroidManifest.xml:26:9-30:19
121            android:name="com.google.android.datatransport.runtime.scheduling.jobscheduling.JobInfoSchedulerService"
121-->[com.google.android.datatransport:transport-runtime:2.2.6] AndroidManifest.xml:27:13-117
122            android:exported="false"
122-->[com.google.android.datatransport:transport-runtime:2.2.6] AndroidManifest.xml:28:13-37
123            android:permission="android.permission.BIND_JOB_SERVICE" >
123-->[com.google.android.datatransport:transport-runtime:2.2.6] AndroidManifest.xml:29:13-69
124        </service>
125
126        <receiver
126-->[com.google.android.datatransport:transport-runtime:2.2.6] AndroidManifest.xml:32:9-34:40
127            android:name="com.google.android.datatransport.runtime.scheduling.jobscheduling.AlarmManagerSchedulerBroadcastReceiver"
127-->[com.google.android.datatransport:transport-runtime:2.2.6] AndroidManifest.xml:33:13-132
128            android:exported="false" />
128-->[com.google.android.datatransport:transport-runtime:2.2.6] AndroidManifest.xml:34:13-37
129    </application>
130
131</manifest>